Scenario - lstm
Logfile written - 07/31/2019 18:36:59

Subject	Trial	Event Type	Code	Time	TTime	Uncertainty	Duration	Uncertainty	ReqTime	ReqDur	Stim Type	Pair Index

sub001-ses008	0	Text Input	sub001	49081	49081	0
sub001-ses008	0	Text Input	8	76600	76600	0
sub001-ses008	1	Sound	111	76612	0	1151			0		other	0
sub001-ses008	1	Pause		157160	80548	NA	77359
sub001-ses008	1	Resume		157160	80548	NA
sub001-ses008	1	Response	4	163640	87028	0
sub001-ses008	2	Response	C	195403	31646	1
sub001-ses008	2	Response	C	197558	33801	1
sub001-ses008	2	Response	C	199627	35871	1
sub001-ses008	2	Response	B	201647	37890	1
sub001-ses008	2	Response	C	208950	45193	1
sub001-ses008	3	Response	C	217206	8026	1
sub001-ses008	4	Response	B	266678	45247	1
sub001-ses008	6	Sound	10	276772	0	2			0		other	0
sub001-ses008	7	Picture	15	4714654	0	1	10085	2	0	next	other	0
sub001-ses008	8	Picture	17	4724739	0	1	47840	2	0	next	incorrect	17
sub001-ses008	8	Response	B	4772488	47749	1
sub001-ses008	9	Picture	18	4772579	0	1	83	1	0	next	other	0
sub001-ses008	9	Response	C	4793781	21202	1
sub001-ses008	9	Response	C	4797123	24544	1
sub001-ses008	9	Response	A	4834860	62281	1
sub001-ses008	9	Response	B	4845218	72639	1
sub001-ses008	10	Picture	19	4845339	0	1	83	1	0	next	other	0
sub001-ses008	10	Response	B	4892246	46907	1
sub001-ses008	11	Response	B	4929021	36674	1
sub001-ses008	12	Sound	100	4929021	0	2			0		other	0
sub001-ses008	13	Picture	150	5218643	0	1	10085	1	0	next	other	0
sub001-ses008	14	Response	B	5280280	51552	1
sub001-ses008	15	Sound	100	5280280	0	1			0		other	0
sub001-ses008	16	Picture	150	5569860	0	1	10085	1	0	next	other	0
sub001-ses008	17	Response	B	5738657	158713	1
sub001-ses008	18	Response	B	5769787	26486	1
sub001-ses008	20	Sound	20	5779889	0	2			0		other	0
sub001-ses008	21	Picture	25	10892035	0	1	10085	2	0	next	other	0
sub001-ses008	22	Picture	27	10902120	0	1	70843	2	0	next	incorrect	36
sub001-ses008	22	Response	B	10972889	70770	1
sub001-ses008	23	Picture	28	10972963	0	1	83	1	0	next	other	0
sub001-ses008	23	Response	C	10992327	19364	1
sub001-ses008	23	Response	C	10997164	24201	1
sub001-ses008	23	Response	A	11014997	42034	1
sub001-ses008	23	Response	B	11020368	47404	1
sub001-ses008	24	Picture	29	11020470	0	1	83	1	0	next	other	0
sub001-ses008	24	Response	B	11052970	32500	2
sub001-ses008	25	Response	B	11121720	68662	1
sub001-ses008	26	Sound	100	11121720	0	2			0		other	0
sub001-ses008	27	Picture	150	11411859	0	1	10085	1	0	next	other	0
sub001-ses008	28	Response	B	11465600	43656	1
sub001-ses008	29	Sound	100	11465600	0	2			0		other	0
sub001-ses008	30	Picture	150	11755241	0	1	10085	1	0	next	other	0
sub001-ses008	31	Response	B	12201143	435817	1
sub001-ses008	32	Response	B	12261428	55206	1
sub001-ses008	34	Sound	30	12271481	0	3			0		other	0
sub001-ses008	35	Picture	35	17533812	0	1	10085	2	0	next	other	0
sub001-ses008	36	Picture	37	17543896	0	1	67760	2	0	next	incorrect	55
sub001-ses008	36	Response	A	17611592	67695	1
sub001-ses008	37	Picture	38	17611656	0	1	83	1	0	next	other	0
sub001-ses008	37	Response	C	17628680	17024	1
sub001-ses008	37	Response	C	17632466	20810	1
sub001-ses008	37	Response	C	17636064	24408	1
sub001-ses008	37	Response	B	17639898	28242	1
sub001-ses008	38	Picture	39	17639993	0	1	83	1	0	next	other	0
sub001-ses008	38	Response	C	17658833	18840	1
sub001-ses008	38	Response	C	17662485	22492	1
sub001-ses008	38	Response	C	17666353	26360	1
sub001-ses008	38	Response	B	17670763	30770	1
sub001-ses008	39	Response	B	17702067	31152	1
sub001-ses008	40	Sound	100	17702067	0	2			0		other	0
sub001-ses008	41	Picture	150	17991627	0	1	10085	1	0	next	other	0
sub001-ses008	42	Response	B	18049821	48110	1
sub001-ses008	43	Sound	100	18049822	0	1			0		other	0
sub001-ses008	44	Picture	150	18339426	0	1	10085	1	0	next	other	0
sub001-ses008	45	Response	A	18690509	340998	1
sub001-ses008	46	Response	A	18708158	14099	1
sub001-ses008	48	Sound	40	18718229	0	2			0		other	0
sub001-ses008	49	Picture	45	22534521	0	1	10085	2	0	next	other	0
sub001-ses008	50	Picture	47	22544605	0	1	85262	2	0	next	incorrect	77
sub001-ses008	50	Response	A	22629827	85221	1
sub001-ses008	51	Picture	48	22629867	0	1	83	1	0	next	other	0
sub001-ses008	51	Response	C	22660341	30473	1
sub001-ses008	51	Response	C	22663796	33929	1
sub001-ses008	51	Response	B	22692588	62720	1
sub001-ses008	52	Picture	49	22692710	0	1	83	1	0	next	other	0
sub001-ses008	52	Response	C	22722298	29588	1
sub001-ses008	52	Response	C	22726371	33661	1
sub001-ses008	52	Response	C	22729724	37014	1
sub001-ses008	52	Response	B	22733318	40608	1
sub001-ses008	53	Response	B	22774473	41007	1
sub001-ses008	54	Sound	100	22774473	0	2			0		other	0
sub001-ses008	55	Picture	150	23064346	0	1	10085	1	0	next	other	0
sub001-ses008	56	Response	A	23106828	32398	1
sub001-ses008	57	Sound	100	23106829	0	1			0		other	0
sub001-ses008	58	Picture	150	23396393	0	1	10085	2	0	next	other	0
sub001-ses008	59	Response	B	23827414	420937	1
sub001-ses008	60	Response	B	23849979	17358	1
sub001-ses008	62	Sound	50	23860041	0	1			0		other	0
sub001-ses008	63	Picture	55	29173378	0	1	10085	2	0	next	other	0
sub001-ses008	64	Picture	57	29183463	0	1	79345	2	0	next	hit	98
sub001-ses008	64	Response	C	29262697	79234	1
sub001-ses008	65	Picture	58	29262808	0	1	83	1	0	next	other	0
sub001-ses008	65	Response	C	29273807	10999	1
sub001-ses008	65	Response	C	29283057	20250	1
sub001-ses008	65	Response	C	29304117	41310	1
sub001-ses008	65	Response	B	29308893	46085	1
sub001-ses008	66	Picture	59	29308981	0	1	83	1	0	next	other	0
sub001-ses008	66	Response	C	29335304	26323	1
sub001-ses008	66	Response	C	29339267	30286	1
sub001-ses008	66	Response	C	29349728	40748	1
sub001-ses008	66	Response	B	29352868	43887	1
sub001-ses008	67	Response	B	29415443	62456	1
sub001-ses008	68	Sound	100	29415444	0	1			0		other	0
sub001-ses008	69	Picture	150	29705537	0	1	10085	1	0	next	other	0
sub001-ses008	70	Response	B	29773309	57687	1
sub001-ses008	71	Sound	100	29773309	0	1			0		other	0
sub001-ses008	72	Picture	150	30063004	0	1	10085	1	0	next	other	0
sub001-ses008	73	Response	B	30623025	549936	1
sub001-ses008	74	Response	B	30645431	16680	1
sub001-ses008	76	Sound	60	30655504	0	2			0		other	0
sub001-ses008	77	Picture	65	35602956	0	1	10085	2	0	next	other	0
sub001-ses008	78	Picture	67	35613041	0	1	67843	2	0	next	incorrect	120
sub001-ses008	78	Response	B	35680802	67762	1
sub001-ses008	79	Picture	68	35680883	0	1	83	1	0	next	other	0
sub001-ses008	79	Response	C	35705725	24842	1
sub001-ses008	79	Response	C	35709014	28131	1
sub001-ses008	79	Response	C	35711630	30746	1
sub001-ses008	79	Response	B	35714740	33856	1
sub001-ses008	80	Picture	69	35714888	0	1	83	1	0	next	other	0
sub001-ses008	80	Response	C	35729840	14952	1
sub001-ses008	80	Response	C	35733236	18347	1
sub001-ses008	80	Response	C	35737331	22443	1
sub001-ses008	80	Response	B	35740139	25251	1
sub001-ses008	81	Response	B	35783930	43704	1
sub001-ses008	82	Sound	100	35783930	0	2			0		other	0
sub001-ses008	83	Picture	150	36073523	0	1	10085	1	0	next	other	0
sub001-ses008	84	Response	B	36141830	58223	1
sub001-ses008	85	Sound	100	36141831	0	1			0		other	0
sub001-ses008	86	Picture	150	36431407	0	1	10085	1	0	next	other	0
sub001-ses008	87	Response	B	36647859	206368	1
sub001-ses008	88	Response	B	36665601	11246	1
sub001-ses008	90	Sound	70	36675690	0	2			0		other	0
sub001-ses008	91	Picture	75	43880212	0	1	10085	2	0	next	other	0
sub001-ses008	92	Picture	77	43890297	0	1	47924	2	0	next	hit	142
sub001-ses008	92	Response	C	43938161	47865	1
sub001-ses008	93	Picture	78	43938220	0	1	83	1	0	next	other	0
sub001-ses008	93	Response	C	43950164	11944	1
sub001-ses008	93	Response	C	43953099	14879	1
sub001-ses008	93	Response	C	43957154	18934	1
sub001-ses008	93	Response	B	43960702	22481	1
sub001-ses008	94	Picture	79	43960807	0	1	83	1	0	next	other	0
sub001-ses008	94	Response	C	43967239	6432	1
sub001-ses008	94	Response	C	43970854	10047	1
sub001-ses008	94	Response	C	43974356	13550	1
sub001-ses008	94	Response	B	43977195	16388	1
sub001-ses008	95	Response	B	43989266	11957	1
sub001-ses008	96	Sound	100	43989267	0	2			0		other	0
sub001-ses008	97	Picture	150	44278852	0	1	10085	1	0	next	other	0
sub001-ses008	98	Response	B	44352029	63092	1
sub001-ses008	99	Sound	100	44352029	0	2			0		other	0
sub001-ses008	100	Picture	150	44641653	0	1	10085	1	0	next	other	0
sub001-ses008	101	Response	B	44680844	29106	1
sub001-ses008	102	Picture	S&S_APP_Q01	44680909	0	1	83	1	0	next	other	0
sub001-ses008	102	Response	C	44697970	17061	1
sub001-ses008	102	Response	C	44701465	20556	1
sub001-ses008	102	Response	C	44705215	24306	1
sub001-ses008	102	Response	B	44709375	28466	1
sub001-ses008	103	Picture	S&S_APP_Q02	44709496	0	1	83	1	0	next	other	0
sub001-ses008	103	Response	C	44720214	10718	1
sub001-ses008	103	Response	A	44725199	15703	1
sub001-ses008	103	Response	A	44743707	34211	1
sub001-ses008	103	Response	A	44747226	37730	1
sub001-ses008	103	Response	A	44750807	41311	1
sub001-ses008	103	Response	B	44754903	45406	1
sub001-ses008	104	Picture	S&S_APP_Q03	44755002	0	1	83	1	0	next	other	0
sub001-ses008	104	Response	A	44779377	24374	1
sub001-ses008	104	Response	A	44784260	29257	1
sub001-ses008	104	Response	A	44790194	35191	1
sub001-ses008	104	Response	B	44796038	41036	1
sub001-ses008	105	Picture	S&S_APP_Q04	44796175	0	1	83	1	0	next	other	0
sub001-ses008	105	Response	C	44812330	16155	1
sub001-ses008	105	Response	B	44825425	29250	1
sub001-ses008	106	Picture	S&S_APP_Q05	44825512	0	1	83	1	0	next	other	0
sub001-ses008	106	Response	C	44844405	18893	1
sub001-ses008	106	Response	C	44849189	23677	1
sub001-ses008	106	Response	C	44856800	31288	1
sub001-ses008	106	Response	B	44860309	34797	1
sub001-ses008	107	Picture	S&S_APP_Q06	44860434	0	1	83	1	0	next	other	0
sub001-ses008	107	Response	A	44875398	14964	1
sub001-ses008	107	Response	A	44880791	20357	1
sub001-ses008	107	Response	A	44885220	24786	1
sub001-ses008	107	Response	B	44890497	30063	1
sub001-ses008	108	Picture	S&S_APP_Q07	44890605	0	1	83	1	0	next	other	0
sub001-ses008	108	Response	C	44903186	12580	1
sub001-ses008	108	Response	C	44907083	16478	1
sub001-ses008	108	Response	C	44910816	20211	1
sub001-ses008	108	Response	B	44919039	28434	1
sub001-ses008	109	Picture	S&S_APP_Q08	44919192	0	1	83	1	0	next	other	0
sub001-ses008	109	Response	C	44930504	11312	1
sub001-ses008	109	Response	C	44934638	15445	1
sub001-ses008	109	Response	C	44938675	19482	1
sub001-ses008	109	Response	B	44942489	23297	1
sub001-ses008	110	Picture	S&S_APP_Q09	44942612	0	1	83	1	0	next	other	0
sub001-ses008	110	Response	C	44952500	9887	1
sub001-ses008	110	Response	C	44956844	14232	1
sub001-ses008	110	Response	C	44961518	18905	1
sub001-ses008	110	Response	B	44968874	26261	1
sub001-ses008	111	Picture	S&S_APP_Q10	44969033	0	1	83	1	0	next	other	0
sub001-ses008	111	Response	C	44987849	18816	1
sub001-ses008	111	Response	C	44991310	22277	1
sub001-ses008	111	Response	C	44994621	25588	1
sub001-ses008	111	Response	B	44997688	28655	1
sub001-ses008	112	Picture	S&S_APP_Q11	44997787	0	1	83	1	0	next	other	0
sub001-ses008	112	Response	C	45007117	9330	1
sub001-ses008	112	Response	C	45011507	13720	1
sub001-ses008	112	Response	B	45016608	18821	1
sub001-ses008	113	Picture	S&S_APP_Q12	45016706	0	1	83	1	0	next	other	0
sub001-ses008	113	Response	A	45028221	11515	1
sub001-ses008	113	Response	A	45043852	27145	1
sub001-ses008	113	Response	B	45047464	30758	1
sub001-ses008	114	Picture	S&S_APP_Q13	45047627	0	1	83	1	0	next	other	0
sub001-ses008	114	Response	C	45056771	9143	1
sub001-ses008	114	Response	C	45060107	12480	1
sub001-ses008	114	Response	C	45062615	14988	1
sub001-ses008	114	Response	B	45066298	18671	1
sub001-ses008	115	Picture	S&S_APP_Q14	45066463	0	1	83	1	0	next	other	0
sub001-ses008	115	Response	C	45083778	17315	1
sub001-ses008	115	Response	C	45090324	23860	1
sub001-ses008	115	Response	B	45093327	26864	1
sub001-ses008	116	Picture	S&S_APP_Q15	45093467	0	1	83	1	0	next	other	0
sub001-ses008	116	Response	C	45109053	15586	1
sub001-ses008	116	Response	C	45112715	19248	1
sub001-ses008	116	Response	C	45116180	22713	1
sub001-ses008	116	Response	B	45119524	26057	1
sub001-ses008	117	Picture	S&S_APP_Q16	45119637	0	1	83	1	0	next	other	0
sub001-ses008	117	Response	C	45138664	19026	1
sub001-ses008	117	Response	C	45146758	27121	1
sub001-ses008	117	Response	C	45150895	31258	1
sub001-ses008	117	Response	B	45154630	34992	1
sub001-ses008	118	Picture	S&S_APP_Q17	45154726	0	1	83	1	0	next	other	0
sub001-ses008	118	Response	A	45169225	14499	1
sub001-ses008	118	Response	B	45178529	23804	1
sub001-ses008	119	Picture	S&S_APP_Q18	45178646	0	1	83	1	0	next	other	0
sub001-ses008	119	Response	C	45199775	21129	1
sub001-ses008	119	Response	C	45203463	24817	1
sub001-ses008	119	Response	C	45207968	29322	1
sub001-ses008	119	Response	B	45211695	33049	1
sub001-ses008	120	Picture	S&S_APP_Q19	45211817	0	1	83	1	0	next	other	0
sub001-ses008	120	Response	A	45237578	25761	1
sub001-ses008	120	Response	A	45240852	29035	1
sub001-ses008	120	Response	A	45244550	32732	1
sub001-ses008	120	Response	C	45253611	41794	1
sub001-ses008	120	Response	B	45257293	45476	1
sub001-ses008	121	Picture	S&S_APP_Q20	45257407	0	1	83	1	0	next	other	0
sub001-ses008	121	Response	C	45279375	21968	1
sub001-ses008	121	Response	C	45282929	25522	1
sub001-ses008	121	Response	A	45299686	42279	1
sub001-ses008	121	Response	B	45302998	45591	1
sub001-ses008	122	Response	4	45669694	366530	0


Event Type	Code	Type	Response	RT	RT Uncertainty	Time	Uncertainty	Duration	Uncertainty	ReqTime	ReqDur

Sound	111	other				76612	1151			0
Sound	10	other				276772	2			0
Picture	15	other				4714654	1	10085	2	0	next
Picture	17	incorrect	2	47749	1	4724739	1	47840	2	0	next
Picture	18	other				4772579	1	83	1	0	next
Picture	19	other				4845339	1	83	1	0	next
Sound	100	other				4929021	2			0
Picture	150	other				5218643	1	10085	1	0	next
Sound	100	other				5280280	1			0
Picture	150	other				5569860	1	10085	1	0	next
Sound	20	other				5779889	2			0
Picture	25	other				10892035	1	10085	2	0	next
Picture	27	incorrect	2	70770	1	10902120	1	70843	2	0	next
Picture	28	other				10972963	1	83	1	0	next
Picture	29	other				11020470	1	83	1	0	next
Sound	100	other				11121720	2			0
Picture	150	other				11411859	1	10085	1	0	next
Sound	100	other				11465600	2			0
Picture	150	other				11755241	1	10085	1	0	next
Sound	30	other				12271481	3			0
Picture	35	other				17533812	1	10085	2	0	next
Picture	37	incorrect	1	67695	1	17543896	1	67760	2	0	next
Picture	38	other				17611656	1	83	1	0	next
Picture	39	other				17639993	1	83	1	0	next
Sound	100	other				17702067	2			0
Picture	150	other				17991627	1	10085	1	0	next
Sound	100	other				18049822	1			0
Picture	150	other				18339426	1	10085	1	0	next
Sound	40	other				18718229	2			0
Picture	45	other				22534521	1	10085	2	0	next
Picture	47	incorrect	1	85221	1	22544605	1	85262	2	0	next
Picture	48	other				22629867	1	83	1	0	next
Picture	49	other				22692710	1	83	1	0	next
Sound	100	other				22774473	2			0
Picture	150	other				23064346	1	10085	1	0	next
Sound	100	other				23106829	1			0
Picture	150	other				23396393	1	10085	2	0	next
Sound	50	other				23860041	1			0
Picture	55	other				29173378	1	10085	2	0	next
Picture	57	hit	3	79234	1	29183463	1	79345	2	0	next
Picture	58	other				29262808	1	83	1	0	next
Picture	59	other				29308981	1	83	1	0	next
Sound	100	other				29415444	1			0
Picture	150	other				29705537	1	10085	1	0	next
Sound	100	other				29773309	1			0
Picture	150	other				30063004	1	10085	1	0	next
Sound	60	other				30655504	2			0
Picture	65	other				35602956	1	10085	2	0	next
Picture	67	incorrect	2	67762	1	35613041	1	67843	2	0	next
Picture	68	other				35680883	1	83	1	0	next
Picture	69	other				35714888	1	83	1	0	next
Sound	100	other				35783930	2			0
Picture	150	other				36073523	1	10085	1	0	next
Sound	100	other				36141831	1			0
Picture	150	other				36431407	1	10085	1	0	next
Sound	70	other				36675690	2			0
Picture	75	other				43880212	1	10085	2	0	next
Picture	77	hit	3	47865	1	43890297	1	47924	2	0	next
Picture	78	other				43938220	1	83	1	0	next
Picture	79	other				43960807	1	83	1	0	next
Sound	100	other				43989267	2			0
Picture	150	other				44278852	1	10085	1	0	next
Sound	100	other				44352029	2			0
Picture	150	other				44641653	1	10085	1	0	next
Picture	S&S_APP_Q01	other				44680909	1	83	1	0	next
Picture	S&S_APP_Q02	other				44709496	1	83	1	0	next
Picture	S&S_APP_Q03	other				44755002	1	83	1	0	next
Picture	S&S_APP_Q04	other				44796175	1	83	1	0	next
Picture	S&S_APP_Q05	other				44825512	1	83	1	0	next
Picture	S&S_APP_Q06	other				44860434	1	83	1	0	next
Picture	S&S_APP_Q07	other				44890605	1	83	1	0	next
Picture	S&S_APP_Q08	other				44919192	1	83	1	0	next
Picture	S&S_APP_Q09	other				44942612	1	83	1	0	next
Picture	S&S_APP_Q10	other				44969033	1	83	1	0	next
Picture	S&S_APP_Q11	other				44997787	1	83	1	0	next
Picture	S&S_APP_Q12	other				45016706	1	83	1	0	next
Picture	S&S_APP_Q13	other				45047627	1	83	1	0	next
Picture	S&S_APP_Q14	other				45066463	1	83	1	0	next
Picture	S&S_APP_Q15	other				45093467	1	83	1	0	next
Picture	S&S_APP_Q16	other				45119637	1	83	1	0	next
Picture	S&S_APP_Q17	other				45154726	1	83	1	0	next
Picture	S&S_APP_Q18	other				45178646	1	83	1	0	next
Picture	S&S_APP_Q19	other				45211817	1	83	1	0	next
Picture	S&S_APP_Q20	other				45257407	1	83	1	0	next
